2020-Jun-29 16:52:01,795 [main] com.mytravels.base.Base 
  INFO  https://crm.mytravelstime.com/ is launched!!
2020-Jun-29 16:52:09,035 [main] com.mytravels.base.Base 
  INFO  Screenshot taken Successfully!!
2020-Jun-29 16:52:09,307 [main] com.mytravels.base.Base 
  INFO  Current browser window is Closed!!
2020-Jun-29 16:52:13,541 [main] com.mytravels.base.Base 
  INFO  chrome is opened and Configured!! 
2020-Jun-29 16:52:15,819 [main] com.mytravels.base.Base 
  INFO  https://crm.mytravelstime.com/ is launched!!
2020-Jun-29 16:52:21,347 [main] com.mytravels.base.Base 
  INFO  Screenshot taken Successfully!!
2020-Jun-29 16:52:21,599 [main] com.mytravels.base.Base 
  INFO  Current browser window is Closed!!
2020-Jun-29 16:52:25,215 [main] com.mytravels.base.Base 
  INFO  chrome is opened and Configured!! 
2020-Jun-29 16:52:27,677 [main] com.mytravels.base.Base 
  INFO  https://crm.mytravelstime.com/ is launched!!
2020-Jun-29 16:52:34,789 [main] com.mytravels.base.Base 
  INFO  Screenshot taken Successfully!!
2020-Jun-29 16:52:35,025 [main] com.mytravels.base.Base 
  INFO  Current browser window is Closed!!
