2020-Jun-28 20:52:08,920 [main] com.mytravels.base.Base 
  INFO  chrome is opened and Configured!! 
2020-Jun-28 20:52:11,994 [main] com.mytravels.base.Base 
  INFO  https://crm.mytravelstime.com/ is launched!!
2020-Jun-28 20:52:12,016 [main] com.mytravels.base.Base 
  INFO  My Travels Time - CRM  :Returned Current Webpage Title!!
2020-Jun-28 20:52:12,200 [main] com.mytravels.base.Base 
  INFO  Current browser window is Closed!!
2020-Jun-28 20:52:22,985 [main] com.mytravels.base.Base 
  INFO  chrome is opened and Configured!! 
2020-Jun-28 20:52:25,034 [main] com.mytravels.base.Base 
  INFO  https://crm.mytravelstime.com/ is launched!!
2020-Jun-28 20:52:27,888 [main] com.mytravels.base.Base 
  INFO  Current browser window is Closed!!
2020-Jun-28 20:52:38,436 [main] com.mytravels.base.Base 
  INFO  chrome is opened and Configured!! 
2020-Jun-28 20:52:40,676 [main] com.mytravels.base.Base 
  INFO  https://crm.mytravelstime.com/ is launched!!
2020-Jun-28 20:52:47,819 [main] com.mytravels.base.Base 
  INFO  Current browser window is Closed!!
