2020-Jun-29 16:51:11,556 [main] com.mytravels.base.Base 
  INFO  chrome is opened and Configured!! 
2020-Jun-29 16:51:13,739 [main] com.mytravels.base.Base 
  INFO  https://crm.mytravelstime.com/ is launched!!
2020-Jun-29 16:51:21,831 [main] com.mytravels.base.Base 
  INFO  Current browser window is Closed!!
2020-Jun-29 16:51:27,798 [main] com.mytravels.base.Base 
  INFO  chrome is opened and Configured!! 
2020-Jun-29 16:51:30,217 [main] com.mytravels.base.Base 
  INFO  https://crm.mytravelstime.com/ is launched!!
2020-Jun-29 16:51:35,072 [main] com.mytravels.base.Base 
  INFO  Screenshot taken Successfully!!
2020-Jun-29 16:51:35,323 [main] com.mytravels.base.Base 
  INFO  Current browser window is Closed!!
2020-Jun-29 16:51:39,705 [main] com.mytravels.base.Base 
  INFO  chrome is opened and Configured!! 
2020-Jun-29 16:51:42,015 [main] com.mytravels.base.Base 
  INFO  https://crm.mytravelstime.com/ is launched!!
2020-Jun-29 16:51:54,514 [main] com.mytravels.base.Base 
  INFO  Current browser window is Closed!!
2020-Jun-29 16:51:58,796 [main] com.mytravels.base.Base 
  INFO  chrome is opened and Configured!! 
