2020-Jun-24 18:25:00,194 [main] com.mytravels.keyword.Keyword 
  INFO  chrome is opened!! 
2020-Jun-24 18:25:04,412 [main] com.mytravels.keyword.Keyword 
  INFO  Maximized Browser Window!!
2020-Jun-24 18:25:19,824 [main] com.mytravels.keyword.Keyword 
  INFO  https://www.ajio.com is launched!!
2020-Jun-24 18:25:22,575 [main] com.mytravels.keyword.Keyword 
  INFO  Deleted All Cookies!!
2020-Jun-24 18:25:22,588 [main] com.mytravels.keyword.Keyword 
  INFO  20SECONDS Page load timeout  is applied!!
2020-Jun-24 18:25:22,603 [main] com.mytravels.keyword.Keyword 
  INFO  20SECONDS Implicit Wait is applied!!
2020-Jun-24 18:25:22,676 [main] com.mytravels.keyword.Keyword 
  INFO  Online Shopping for Women, Men, Kids – Clothing, Footwear, Fashion | AJIO  :Returned Current Webpage Title!!
2020-Jun-24 18:25:23,522 [main] com.mytravels.keyword.Keyword 
  INFO  Screenshot taken Successfully!!
2020-Jun-24 18:25:24,150 [main] com.mytravels.keyword.Keyword 
  INFO  Screenshot file not found!!
2020-Jun-24 18:25:24,154 [main] com.mytravels.keyword.Keyword 
  INFO  Screenshot taken Successfully!!
2020-Jun-24 18:25:30,382 [main] com.mytravels.keyword.Keyword 
  INFO  Current browser window is Closed!!
